<?xml version="1.0" encoding="UTF-8"?>
<testsuite xmlns:xsi="http://www.w3.org/2001/XMLSchema-instance" xsi:noNamespaceSchemaLocation="https://maven.apache.org/surefire/maven-surefire-plugin/xsd/surefire-test-report-3.0.xsd" version="3.0" name="com.udacity.jwdnd.course1.cloudstorage.CloudStorageServiceTests" time="0.961" tests="2" errors="0" skipped="0" failures="0">
  <properties>
[...]
</properties>
  <testcase name="credentialUpdatePersists" classname="com.udacity.jwdnd.course1.cloudstorage.CloudStorageServiceTests" time="0.147">
    <system-out><![CDATA[2026-05-08T02:29:17.239+01:00  INFO 36180 --- [           main] t.c.s.AnnotationConfigContextLoaderUtils : Could not detect default configuration classes for test class [com.udacity.jwdnd.course1.cloudstorage.CloudStorageServiceTests]: CloudStorageServiceTests does not declare any static, non-private, non-final, nested classes annotated with @Configuration.
2026-05-08T02:29:17.242+01:00  INFO 36180 --- [           main] .b.t.c.SpringBootTestContextBootstrapper : Found @SpringBootConfiguration com.udacity.jwdnd.course1.cloudstorage.CloudStorageApplication for test class com.udacity.jwdnd.course1.cloudstorage.CloudStorageServiceTests
2026-05-08T02:29:17.262+01:00  INFO 36180 --- [           main] o.s.b.d.r.RestartApplicationListener     : Restart disabled due to context in which it is running

  .   ____          _            __ _ _
 /\\ / ___'_ __ _ _(_)_ __  __ _ \ \ \ \
( ( )\___ | '_ | '_| | '_ \/ _` | \ \ \ \
 \\/  ___)| |_)| | | | | || (_| |  ) ) ) )
  '  |____| .__|_| |_|_| |_\__, | / / / /
 =========|_|==============|___/=/_/_/_/

 :: Spring Boot ::                (v3.3.5)

2026-05-08T02:29:17.312+01:00  INFO 36180 --- [           main] c.u.j.c.c.CloudStorageServiceTests       : Starting CloudStorageServiceTests using Java 27-ea with PID 36180 (started by israe in D:\JAVA STARTER\1stDeploy\cloud\israelilanie-nd035-c1-spring-boot-basics-project-starter-1d18960\starter\cloudstorage)
2026-05-08T02:29:17.313+01:00  INFO 36180 --- [           main] c.u.j.c.c.CloudStorageServiceTests       : No active profile set, falling back to 1 default profile: "default"
2026-05-08T02:29:17.616+01:00  INFO 36180 --- [           main] com.zaxxer.hikari.HikariDataSource       : HikariPool-2 - Starting...
2026-05-08T02:29:17.619+01:00  INFO 36180 --- [           main] com.zaxxer.hikari.pool.HikariPool        : HikariPool-2 - Added connection conn10: url=jdbc:h2:mem:cloudstoragedb user=SA
2026-05-08T02:29:17.619+01:00  INFO 36180 --- [           main] com.zaxxer.hikari.HikariDataSource       : HikariPool-2 - Start completed.
2026-05-08T02:29:17.700+01:00  INFO 36180 --- [           main] eAuthenticationProviderManagerConfigurer : Global AuthenticationManager configured with AuthenticationProvider bean with name cloudStorageAuthenticationProvider
2026-05-08T02:29:17.917+01:00  INFO 36180 --- [           main] c.u.j.c.c.CloudStorageServiceTests       : Started CloudStorageServiceTests in 0.655 seconds (process running for 47.819)
]]></system-out>
  </testcase>
  <testcase name="noteUpdatePersists" classname="com.udacity.jwdnd.course1.cloudstorage.CloudStorageServiceTests" time="0.119"/>
</testsuite>