<?xml version="1.0" encoding="UTF-8"?>
<testsuite xmlns:xsi="http://www.w3.org/2001/XMLSchema-instance" xsi:noNamespaceSchemaLocation="https://maven.apache.org/surefire/maven-surefire-plugin/xsd/surefire-test-report-3.0.xsd" version="3.0" name="com.udacity.jwdnd.course1.cloudstorage.CloudStorageApplicationTests" time="46.126" tests="8" errors="0" skipped="0" failures="0">
  <properties>
[...]
</properties>
  <testcase name="testLargeUpload" classname="com.udacity.jwdnd.course1.cloudstorage.CloudStorageApplicationTests" time="14.481">
    <system-out><![CDATA[02:28:31.281 [main] INFO org.springframework.test.context.support.AnnotationConfigContextLoaderUtils -- Could not detect default configuration classes for test class [com.udacity.jwdnd.course1.cloudstorage.CloudStorageApplicationTests]: CloudStorageApplicationTests does not declare any static, non-private, non-final, nested classes annotated with @Configuration.
02:28:31.433 [main] INFO org.springframework.boot.test.context.SpringBootTestContextBootstrapper -- Found @SpringBootConfiguration com.udacity.jwdnd.course1.cloudstorage.CloudStorageApplication for test class com.udacity.jwdnd.course1.cloudstorage.CloudStorageApplicationTests
02:28:33.355 [main] INFO io.github.bonigarcia.wdm.WebDriverManager -- Using chromedriver 147.0.7727.117 (resolved driver for Chrome 147)
02:28:33.411 [main] INFO io.github.bonigarcia.wdm.WebDriverManager -- Exporting webdriver.chrome.driver as C:\Users\israe\.cache\selenium\chromedriver\win64\147.0.7727.117\chromedriver.exe
02:28:33.481 [main] INFO org.springframework.boot.devtools.restart.RestartApplicationListener -- Restart disabled due to context in which it is running

  .   ____          _            __ _ _
 /\\ / ___'_ __ _ _(_)_ __  __ _ \ \ \ \
( ( )\___ | '_ | '_| | '_ \/ _` | \ \ \ \
 \\/  ___)| |_)| | | | | || (_| |  ) ) ) )
  '  |____| .__|_| |_|_| |_\__, | / / / /
 =========|_|==============|___/=/_/_/_/

 :: Spring Boot ::                (v3.3.5)

2026-05-08T02:28:33.809+01:00  INFO 36180 --- [           main] c.u.j.c.c.CloudStorageApplicationTests   : Starting CloudStorageApplicationTests using Java 27-ea with PID 36180 (started by israe in D:\JAVA STARTER\1stDeploy\cloud\israelilanie-nd035-c1-spring-boot-basics-project-starter-1d18960\starter\cloudstorage)
2026-05-08T02:28:33.810+01:00  INFO 36180 --- [           main] c.u.j.c.c.CloudStorageApplicationTests   : No active profile set, falling back to 1 default profile: "default"
2026-05-08T02:28:35.347+01:00  INFO 36180 --- [           main] o.s.b.w.embedded.tomcat.TomcatWebServer  : Tomcat initialized with port 0 (http)
2026-05-08T02:28:35.362+01:00  INFO 36180 --- [           main] o.apache.catalina.core.StandardService   : Starting service [Tomcat]
2026-05-08T02:28:35.363+01:00  INFO 36180 --- [           main] o.apache.catalina.core.StandardEngine    : Starting Servlet engine: [Apache Tomcat/10.1.31]
2026-05-08T02:28:35.445+01:00  INFO 36180 --- [           main] o.a.c.c.C.[Tomcat].[localhost].[/]       : Initializing Spring embedded WebApplicationContext
2026-05-08T02:28:35.446+01:00  INFO 36180 --- [           main] w.s.c.ServletWebServerApplicationContext : Root WebApplicationContext: initialization completed in 1612 ms
2026-05-08T02:28:35.576+01:00  INFO 36180 --- [           main] com.zaxxer.hikari.HikariDataSource       : HikariPool-1 - Starting...
2026-05-08T02:28:35.828+01:00  INFO 36180 --- [           main] com.zaxxer.hikari.pool.HikariPool        : HikariPool-1 - Added connection conn0: url=jdbc:h2:mem:cloudstoragedb user=SA
2026-05-08T02:28:35.830+01:00  INFO 36180 --- [           main] com.zaxxer.hikari.HikariDataSource       : HikariPool-1 - Start completed.
2026-05-08T02:28:36.232+01:00  INFO 36180 --- [           main] eAuthenticationProviderManagerConfigurer : Global AuthenticationManager configured with AuthenticationProvider bean with name cloudStorageAuthenticationProvider
2026-05-08T02:28:36.913+01:00  INFO 36180 --- [           main] o.s.b.w.embedded.tomcat.TomcatWebServer  : Tomcat started on port 60782 (http) with context path '/'
2026-05-08T02:28:36.924+01:00  INFO 36180 --- [           main] c.u.j.c.c.CloudStorageApplicationTests   : Started CloudStorageApplicationTests in 3.459 seconds (process running for 6.826)
2026-05-08T02:28:40.236+01:00  WARN 36180 --- [           main] o.o.selenium.devtools.CdpVersionFinder   : Unable to find CDP implementation matching 147
2026-05-08T02:28:40.237+01:00  WARN 36180 --- [           main] o.o.selenium.chromium.ChromiumDriver     : Unable to find version of CDP to use for 147.0.7727.117. You may need to include a dependency on a specific version of the CDP using something similar to `org.seleniumhq.selenium:selenium-devtools-v86:4.19.1` where the version ("v86") matches the version of the chromium-based browser you're using and the version number of the artifact is the same as Selenium's.
2026-05-08T02:28:40.437+01:00  INFO 36180 --- [o-auto-1-exec-1] o.a.c.c.C.[Tomcat].[localhost].[/]       : Initializing Spring DispatcherServlet 'dispatcherServlet'
2026-05-08T02:28:40.438+01:00  INFO 36180 --- [o-auto-1-exec-1] o.s.web.servlet.DispatcherServlet        : Initializing Servlet 'dispatcherServlet'
2026-05-08T02:28:40.440+01:00  INFO 36180 --- [o-auto-1-exec-1] o.s.web.servlet.DispatcherServlet        : Completed initialization in 2 ms
]]></system-out>
    <system-err><![CDATA[WARNING: A Java agent has been loaded dynamically (C:\Users\israe\.m2\repository\net\bytebuddy\byte-buddy-agent\1.14.19\byte-buddy-agent-1.14.19.jar)
WARNING: If a serviceability tool is in use, please run with -XX:+EnableDynamicAgentLoading to hide this warning
WARNING: If a serviceability tool is not in use, please run with -Djdk.instrument.traceUsage for more information
WARNING: Dynamic loading of agents will be disallowed by default in a future release
]]></system-err>
  </testcase>
  <testcase name="testSignupLoginLogoutFlow" classname="com.udacity.jwdnd.course1.cloudstorage.CloudStorageApplicationTests" time="3.423">
    <system-out><![CDATA[2026-05-08T02:28:52.287+01:00  WARN 36180 --- [           main] o.o.selenium.devtools.CdpVersionFinder   : Unable to find CDP implementation matching 147
2026-05-08T02:28:52.289+01:00  WARN 36180 --- [           main] o.o.selenium.chromium.ChromiumDriver     : Unable to find version of CDP to use for 147.0.7727.117. You may need to include a dependency on a specific version of the CDP using something similar to `org.seleniumhq.selenium:selenium-devtools-v86:4.19.1` where the version ("v86") matches the version of the chromium-based browser you're using and the version number of the artifact is the same as Selenium's.
]]></system-out>
  </testcase>
  <testcase name="testNoteCrud" classname="com.udacity.jwdnd.course1.cloudstorage.CloudStorageApplicationTests" time="6.723">
    <system-out><![CDATA[2026-05-08T02:28:55.592+01:00  WARN 36180 --- [           main] o.o.selenium.devtools.CdpVersionFinder   : Unable to find CDP implementation matching 147
2026-05-08T02:28:55.593+01:00  WARN 36180 --- [           main] o.o.selenium.chromium.ChromiumDriver     : Unable to find version of CDP to use for 147.0.7727.117. You may need to include a dependency on a specific version of the CDP using something similar to `org.seleniumhq.selenium:selenium-devtools-v86:4.19.1` where the version ("v86") matches the version of the chromium-based browser you're using and the version number of the artifact is the same as Selenium's.
]]></system-out>
  </testcase>
  <testcase name="getLoginPage" classname="com.udacity.jwdnd.course1.cloudstorage.CloudStorageApplicationTests" time="1.645">
    <system-out><![CDATA[2026-05-08T02:29:02.309+01:00  WARN 36180 --- [           main] o.o.selenium.devtools.CdpVersionFinder   : Unable to find CDP implementation matching 147
2026-05-08T02:29:02.310+01:00  WARN 36180 --- [           main] o.o.selenium.chromium.ChromiumDriver     : Unable to find version of CDP to use for 147.0.7727.117. You may need to include a dependency on a specific version of the CDP using something similar to `org.seleniumhq.selenium:selenium-devtools-v86:4.19.1` where the version ("v86") matches the version of the chromium-based browser you're using and the version number of the artifact is the same as Selenium's.
]]></system-out>
  </testcase>
  <testcase name="testCredentialCrud" classname="com.udacity.jwdnd.course1.cloudstorage.CloudStorageApplicationTests" time="7.567">
    <system-out><![CDATA[2026-05-08T02:29:04.063+01:00  WARN 36180 --- [           main] o.o.selenium.devtools.CdpVersionFinder   : Unable to find CDP implementation matching 147
2026-05-08T02:29:04.064+01:00  WARN 36180 --- [           main] o.o.selenium.chromium.ChromiumDriver     : Unable to find version of CDP to use for 147.0.7727.117. You may need to include a dependency on a specific version of the CDP using something similar to `org.seleniumhq.selenium:selenium-devtools-v86:4.19.1` where the version ("v86") matches the version of the chromium-based browser you're using and the version number of the artifact is the same as Selenium's.
]]></system-out>
  </testcase>
  <testcase name="testBadUrl" classname="com.udacity.jwdnd.course1.cloudstorage.CloudStorageApplicationTests" time="3.059">
    <system-out><![CDATA[2026-05-08T02:29:11.522+01:00  WARN 36180 --- [           main] o.o.selenium.devtools.CdpVersionFinder   : Unable to find CDP implementation matching 147
2026-05-08T02:29:11.522+01:00  WARN 36180 --- [           main] o.o.selenium.chromium.ChromiumDriver     : Unable to find version of CDP to use for 147.0.7727.117. You may need to include a dependency on a specific version of the CDP using something similar to `org.seleniumhq.selenium:selenium-devtools-v86:4.19.1` where the version ("v86") matches the version of the chromium-based browser you're using and the version number of the artifact is the same as Selenium's.
]]></system-out>
  </testcase>
  <testcase name="testRedirection" classname="com.udacity.jwdnd.course1.cloudstorage.CloudStorageApplicationTests" time="1.878">
    <system-out><![CDATA[2026-05-08T02:29:14.523+01:00  WARN 36180 --- [           main] o.o.selenium.devtools.CdpVersionFinder   : Unable to find CDP implementation matching 147
2026-05-08T02:29:14.523+01:00  WARN 36180 --- [           main] o.o.selenium.chromium.ChromiumDriver     : Unable to find version of CDP to use for 147.0.7727.117. You may need to include a dependency on a specific version of the CDP using something similar to `org.seleniumhq.selenium:selenium-devtools-v86:4.19.1` where the version ("v86") matches the version of the chromium-based browser you're using and the version number of the artifact is the same as Selenium's.
]]></system-out>
  </testcase>
  <testcase name="testUnauthorizedAccessRestrictions" classname="com.udacity.jwdnd.course1.cloudstorage.CloudStorageApplicationTests" time="1.511">
    <system-out><![CDATA[2026-05-08T02:29:16.570+01:00  WARN 36180 --- [           main] o.o.selenium.devtools.CdpVersionFinder   : Unable to find CDP implementation matching 147
2026-05-08T02:29:16.570+01:00  WARN 36180 --- [           main] o.o.selenium.chromium.ChromiumDriver     : Unable to find version of CDP to use for 147.0.7727.117. You may need to include a dependency on a specific version of the CDP using something similar to `org.seleniumhq.selenium:selenium-devtools-v86:4.19.1` where the version ("v86") matches the version of the chromium-based browser you're using and the version number of the artifact is the same as Selenium's.
]]></system-out>
  </testcase>
</testsuite>